<?xml version="1.0" encoding="UTF-8"?>
<!-- Generated by org.testng.reporters.JUnitXMLReporter -->
<testsuite hostname="LAPTOP-UPRQG46A" ignored="0" name="Opencart tests" tests="6" failures="0" timestamp="2021-06-07T23:51:21 CDT" time="97.381" errors="0">
  <testcase name="test_account_Registration" time="4.868" classname="testCases.TC_001_AccountRegistration"/>
  <testcase name="test_login" time="4.5" classname="testCases.TC_002_Login"/>
  <testcase name="test_LoginDDT" time="4.677" classname="testCases.TC_003_LoginDDT"/>
  <testcase name="test_LoginDDT" time="22.26" classname="testCases.TC_003_LoginDDT"/>
  <testcase name="test_LoginDDT" time="22.403" classname="testCases.TC_003_LoginDDT"/>
  <testcase name="test_LoginDDT" time="22.852" classname="testCases.TC_003_LoginDDT"/>
</testsuite> <!-- Opencart tests -->
