<?xml version="1.0" encoding="UTF-8"?>
<!-- Generated by org.testng.reporters.JUnitXMLReporter -->
<testsuite hostname="LAPTOP-UPRQG46A" ignored="0" name="Opencart tests" tests="6" failures="0" timestamp="2021-06-04T01:41:10 CDT" time="94.353" errors="0">
  <testcase name="test_account_Registration" time="4.987" classname="testCases.TC_001_AccountRegistration"/>
  <testcase name="test_login" time="4.758" classname="testCases.TC_002_Login"/>
  <testcase name="test_LoginDDT" time="5.441" classname="testCases.TC_003_LoginDDT"/>
  <testcase name="test_LoginDDT" time="21.99" classname="testCases.TC_003_LoginDDT"/>
  <testcase name="test_LoginDDT" time="23.451" classname="testCases.TC_003_LoginDDT"/>
  <testcase name="test_LoginDDT" time="22.24" classname="testCases.TC_003_LoginDDT"/>
</testsuite> <!-- Opencart tests -->
