<?xml version="1.0" encoding="UTF-8"?>
<!-- Generated by org.testng.reporters.JUnitXMLReporter -->
<testsuite ignored="0" hostname="LAPTOP-UPRQG46A" failures="0" tests="6" name="Opencart tests" time="97.222" errors="0" timestamp="2021-06-04T00:09:35 CDT">
  <testcase classname="testCases.TC_001_AccountRegistration" name="test_account_Registration" time="5.142"/>
  <testcase classname="testCases.TC_002_Login" name="test_login" time="5.568"/>
  <testcase classname="testCases.TC_003_LoginDDT" name="test_LoginDDT" time="5.693"/>
  <testcase classname="testCases.TC_003_LoginDDT" name="test_LoginDDT" time="23.165"/>
  <testcase classname="testCases.TC_003_LoginDDT" name="test_LoginDDT" time="22.616"/>
  <testcase classname="testCases.TC_003_LoginDDT" name="test_LoginDDT" time="22.844"/>
</testsuite> <!-- Opencart tests -->
