<?xml version="1.0" encoding="UTF-8"?>
<testng-results skipped="0" failed="0" ignored="0" total="6" passed="6">
  <reporter-output>
  </reporter-output>
  <suite name="Opencart Test Suite" duration-ms="97381" started-at="2021-06-07T23:49:44 CDT" finished-at="2021-06-07T23:51:21 CDT">
    <groups>
      <group name="regression">
        <method signature="TC_001_AccountRegistration.test_account_Registration()[pri:0, instance:testCases.TC_001_AccountRegistration@59906517]" name="test_account_Registration" class="testCases.TC_001_AccountRegistration"/>
      </group> <!-- regression -->
      <group name="sanity">
        <method signature="TC_002_Login.test_login()[pri:0, instance:testCases.TC_002_Login@5bfbf16f]" name="test_login" class="testCases.TC_002_Login"/>
      </group> <!-- sanity -->
      <group name="master">
        <method signature="TC_001_AccountRegistration.test_account_Registration()[pri:0, instance:testCases.TC_001_AccountRegistration@59906517]" name="test_account_Registration" class="testCases.TC_001_AccountRegistration"/>
        <method signature="TC_002_Login.test_login()[pri:0, instance:testCases.TC_002_Login@5bfbf16f]" name="test_login" class="testCases.TC_002_Login"/>
        <method signature="TC_003_LoginDDT.test_LoginDDT(java.lang.String, java.lang.String, java.lang.String)[pri:0, instance:testCases.TC_003_LoginDDT@25af5db5]" name="test_LoginDDT" class="testCases.TC_003_LoginDDT"/>
      </group> <!-- master -->
    </groups>
    <test name="Opencart tests" duration-ms="97381" started-at="2021-06-07T23:49:44 CDT" finished-at="2021-06-07T23:51:21 CDT">
      <class name="testCases.TC_001_AccountRegistration">
        <test-method status="PASS" signature="setup(java.lang.String)[pri:0, instance:testCases.TC_001_AccountRegistration@59906517]" name="setup" is-config="true" duration-ms="7024" started-at="2021-06-07T23:49:44 CDT" finished-at="2021-06-07T23:49:51 CDT">
          <params>
            <param index="0">
              <value>
                <![CDATA[Chrome]]>
              </value>
            </param>
          </params>
          <reporter-output>
          </reporter-output>
        </test-method> <!-- setup -->
        <test-method status="PASS" signature="test_account_Registration()[pri:0, instance:testCases.TC_001_AccountRegistration@59906517]" name="test_account_Registration" duration-ms="4868" started-at="2021-06-07T23:49:51 CDT" finished-at="2021-06-07T23:49:56 CDT">
          <reporter-output>
          </reporter-output>
        </test-method> <!-- test_account_Registration -->
        <test-method status="PASS" signature="teardown()[pri:0, instance:testCases.TC_001_AccountRegistration@59906517]" name="teardown" is-config="true" duration-ms="1416" started-at="2021-06-07T23:49:56 CDT" finished-at="2021-06-07T23:49:57 CDT">
          <reporter-output>
          </reporter-output>
        </test-method> <!-- teardown -->
      </class> <!-- testCases.TC_001_AccountRegistration -->
      <class name="testCases.TC_002_Login">
        <test-method status="PASS" signature="setup(java.lang.String)[pri:0, instance:testCases.TC_002_Login@5bfbf16f]" name="setup" is-config="true" duration-ms="1474" started-at="2021-06-07T23:49:57 CDT" finished-at="2021-06-07T23:49:59 CDT">
          <params>
            <param index="0">
              <value>
                <![CDATA[Chrome]]>
              </value>
            </param>
          </params>
          <reporter-output>
          </reporter-output>
        </test-method> <!-- setup -->
        <test-method status="PASS" signature="test_login()[pri:0, instance:testCases.TC_002_Login@5bfbf16f]" name="test_login" duration-ms="4500" started-at="2021-06-07T23:49:59 CDT" finished-at="2021-06-07T23:50:03 CDT">
          <reporter-output>
          </reporter-output>
        </test-method> <!-- test_login -->
        <test-method status="PASS" signature="teardown()[pri:0, instance:testCases.TC_002_Login@5bfbf16f]" name="teardown" is-config="true" duration-ms="1537" started-at="2021-06-07T23:50:03 CDT" finished-at="2021-06-07T23:50:05 CDT">
          <reporter-output>
          </reporter-output>
        </test-method> <!-- teardown -->
      </class> <!-- testCases.TC_002_Login -->
      <class name="testCases.TC_003_LoginDDT">
        <test-method status="PASS" signature="setup(java.lang.String)[pri:0, instance:testCases.TC_003_LoginDDT@25af5db5]" name="setup" is-config="true" duration-ms="1531" started-at="2021-06-07T23:50:05 CDT" finished-at="2021-06-07T23:50:06 CDT">
          <params>
            <param index="0">
              <value>
                <![CDATA[Chrome]]>
              </value>
            </param>
          </params>
          <reporter-output>
          </reporter-output>
        </test-method> <!-- setup -->
        <test-method status="PASS" signature="test_LoginDDT(java.lang.String, java.lang.String, java.lang.String)[pri:0, instance:testCases.TC_003_LoginDDT@25af5db5]" name="test_LoginDDT" duration-ms="4677" started-at="2021-06-07T23:50:08 CDT" data-provider="LoginData" finished-at="2021-06-07T23:50:13 CDT">
          <params>
            <param index="0">
              <value>
                <![CDATA[rajmikkilineni@yahoo.com]]>
              </value>
            </param>
            <param index="1">
              <value>
                <![CDATA[Raj15903]]>
              </value>
            </param>
            <param index="2">
              <value>
                <![CDATA[Valid]]>
              </value>
            </param>
          </params>
          <reporter-output>
          </reporter-output>
        </test-method> <!-- test_LoginDDT -->
        <test-method status="PASS" signature="test_LoginDDT(java.lang.String, java.lang.String, java.lang.String)[pri:0, instance:testCases.TC_003_LoginDDT@25af5db5]" name="test_LoginDDT" duration-ms="22260" started-at="2021-06-07T23:50:13 CDT" data-provider="LoginData" finished-at="2021-06-07T23:50:35 CDT">
          <params>
            <param index="0">
              <value>
                <![CDATA[rajmikkilineni@yahoo.com]]>
              </value>
            </param>
            <param index="1">
              <value>
                <![CDATA[test]]>
              </value>
            </param>
            <param index="2">
              <value>
                <![CDATA[Invalid]]>
              </value>
            </param>
          </params>
          <reporter-output>
          </reporter-output>
        </test-method> <!-- test_LoginDDT -->
        <test-method status="PASS" signature="test_LoginDDT(java.lang.String, java.lang.String, java.lang.String)[pri:0, instance:testCases.TC_003_LoginDDT@25af5db5]" name="test_LoginDDT" duration-ms="22403" started-at="2021-06-07T23:50:35 CDT" data-provider="LoginData" finished-at="2021-06-07T23:50:57 CDT">
          <params>
            <param index="0">
              <value>
                <![CDATA[rajm@yahoo.com]]>
              </value>
            </param>
            <param index="1">
              <value>
                <![CDATA[Raj15903]]>
              </value>
            </param>
            <param index="2">
              <value>
                <![CDATA[Invalid]]>
              </value>
            </param>
          </params>
          <reporter-output>
          </reporter-output>
        </test-method> <!-- test_LoginDDT -->
        <test-method status="PASS" signature="test_LoginDDT(java.lang.String, java.lang.String, java.lang.String)[pri:0, instance:testCases.TC_003_LoginDDT@25af5db5]" name="test_LoginDDT" duration-ms="22852" started-at="2021-06-07T23:50:57 CDT" data-provider="LoginData" finished-at="2021-06-07T23:51:20 CDT">
          <params>
            <param index="0">
              <value>
                <![CDATA[mikkil@gmail.com]]>
              </value>
            </param>
            <param index="1">
              <value>
                <![CDATA[test]]>
              </value>
            </param>
            <param index="2">
              <value>
                <![CDATA[Invalid]]>
              </value>
            </param>
          </params>
          <reporter-output>
          </reporter-output>
        </test-method> <!-- test_LoginDDT -->
        <test-method status="PASS" signature="teardown()[pri:0, instance:testCases.TC_003_LoginDDT@25af5db5]" name="teardown" is-config="true" duration-ms="905" started-at="2021-06-07T23:51:20 CDT" finished-at="2021-06-07T23:51:21 CDT">
          <reporter-output>
          </reporter-output>
        </test-method> <!-- teardown -->
      </class> <!-- testCases.TC_003_LoginDDT -->
    </test> <!-- Opencart tests -->
  </suite> <!-- Opencart Test Suite -->
</testng-results>
