<?xml version="1.0" encoding="UTF-8"?>
<testng-results ignored="0" total="6" passed="6" failed="0" skipped="0">
  <reporter-output>
  </reporter-output>
  <suite started-at="2021-06-04T00:07:58 CDT" name="Opencart Test Suite" finished-at="2021-06-04T00:09:35 CDT" duration-ms="97222">
    <groups>
      <group name="regression">
        <method signature="TC_001_AccountRegistration.test_account_Registration()[pri:0, instance:testCases.TC_001_AccountRegistration@6e0f5f7f]" name="test_account_Registration" class="testCases.TC_001_AccountRegistration"/>
      </group> <!-- regression -->
      <group name="sanity">
        <method signature="TC_002_Login.test_login()[pri:0, instance:testCases.TC_002_Login@2805d709]" name="test_login" class="testCases.TC_002_Login"/>
      </group> <!-- sanity -->
      <group name="master">
        <method signature="TC_001_AccountRegistration.test_account_Registration()[pri:0, instance:testCases.TC_001_AccountRegistration@6e0f5f7f]" name="test_account_Registration" class="testCases.TC_001_AccountRegistration"/>
        <method signature="TC_002_Login.test_login()[pri:0, instance:testCases.TC_002_Login@2805d709]" name="test_login" class="testCases.TC_002_Login"/>
        <method signature="TC_003_LoginDDT.test_LoginDDT(java.lang.String, java.lang.String, java.lang.String)[pri:0, instance:testCases.TC_003_LoginDDT@3ee37e5a]" name="test_LoginDDT" class="testCases.TC_003_LoginDDT"/>
      </group> <!-- master -->
    </groups>
    <test started-at="2021-06-04T00:07:58 CDT" name="Opencart tests" finished-at="2021-06-04T00:09:35 CDT" duration-ms="97222">
      <class name="testCases.TC_001_AccountRegistration">
        <test-method is-config="true" signature="setup(java.lang.String)[pri:0, instance:testCases.TC_001_AccountRegistration@6e0f5f7f]" started-at="2021-06-04T00:07:58 CDT" name="setup" finished-at="2021-06-04T00:08:05 CDT" duration-ms="6760" status="PASS">
          <params>
            <param index="0">
              <value>
                <![CDATA[Chrome]]>
              </value>
            </param>
          </params>
          <reporter-output>
          </reporter-output>
        </test-method> <!-- setup -->
        <test-method signature="test_account_Registration()[pri:0, instance:testCases.TC_001_AccountRegistration@6e0f5f7f]" started-at="2021-06-04T00:08:05 CDT" name="test_account_Registration" finished-at="2021-06-04T00:08:10 CDT" duration-ms="5142" status="PASS">
          <reporter-output>
          </reporter-output>
        </test-method> <!-- test_account_Registration -->
      </class> <!-- testCases.TC_001_AccountRegistration -->
      <class name="testCases.TC_002_Login">
        <test-method is-config="true" signature="setup(java.lang.String)[pri:0, instance:testCases.TC_002_Login@2805d709]" started-at="2021-06-04T00:08:10 CDT" name="setup" finished-at="2021-06-04T00:08:12 CDT" duration-ms="1520" status="PASS">
          <params>
            <param index="0">
              <value>
                <![CDATA[Chrome]]>
              </value>
            </param>
          </params>
          <reporter-output>
          </reporter-output>
        </test-method> <!-- setup -->
        <test-method signature="test_login()[pri:0, instance:testCases.TC_002_Login@2805d709]" started-at="2021-06-04T00:08:12 CDT" name="test_login" finished-at="2021-06-04T00:08:17 CDT" duration-ms="5568" status="PASS">
          <reporter-output>
          </reporter-output>
        </test-method> <!-- test_login -->
      </class> <!-- testCases.TC_002_Login -->
      <class name="testCases.TC_003_LoginDDT">
        <test-method is-config="true" signature="setup(java.lang.String)[pri:0, instance:testCases.TC_003_LoginDDT@3ee37e5a]" started-at="2021-06-04T00:08:17 CDT" name="setup" finished-at="2021-06-04T00:08:19 CDT" duration-ms="1574" status="PASS">
          <params>
            <param index="0">
              <value>
                <![CDATA[Chrome]]>
              </value>
            </param>
          </params>
          <reporter-output>
          </reporter-output>
        </test-method> <!-- setup -->
        <test-method signature="test_LoginDDT(java.lang.String, java.lang.String, java.lang.String)[pri:0, instance:testCases.TC_003_LoginDDT@3ee37e5a]" started-at="2021-06-04T00:08:21 CDT" name="test_LoginDDT" data-provider="LoginData" finished-at="2021-06-04T00:08:26 CDT" duration-ms="5693" status="PASS">
          <params>
            <param index="0">
              <value>
                <![CDATA[rajmikkilineni@yahoo.com]]>
              </value>
            </param>
            <param index="1">
              <value>
                <![CDATA[Raj15903]]>
              </value>
            </param>
            <param index="2">
              <value>
                <![CDATA[Valid]]>
              </value>
            </param>
          </params>
          <reporter-output>
          </reporter-output>
        </test-method> <!-- test_LoginDDT -->
        <test-method signature="test_LoginDDT(java.lang.String, java.lang.String, java.lang.String)[pri:0, instance:testCases.TC_003_LoginDDT@3ee37e5a]" started-at="2021-06-04T00:08:26 CDT" name="test_LoginDDT" data-provider="LoginData" finished-at="2021-06-04T00:08:50 CDT" duration-ms="23165" status="PASS">
          <params>
            <param index="0">
              <value>
                <![CDATA[rajmikkilineni@yahoo.com]]>
              </value>
            </param>
            <param index="1">
              <value>
                <![CDATA[test]]>
              </value>
            </param>
            <param index="2">
              <value>
                <![CDATA[Invalid]]>
              </value>
            </param>
          </params>
          <reporter-output>
          </reporter-output>
        </test-method> <!-- test_LoginDDT -->
        <test-method signature="test_LoginDDT(java.lang.String, java.lang.String, java.lang.String)[pri:0, instance:testCases.TC_003_LoginDDT@3ee37e5a]" started-at="2021-06-04T00:08:50 CDT" name="test_LoginDDT" data-provider="LoginData" finished-at="2021-06-04T00:09:12 CDT" duration-ms="22616" status="PASS">
          <params>
            <param index="0">
              <value>
                <![CDATA[rajm@yahoo.com]]>
              </value>
            </param>
            <param index="1">
              <value>
                <![CDATA[Raj15903]]>
              </value>
            </param>
            <param index="2">
              <value>
                <![CDATA[Invalid]]>
              </value>
            </param>
          </params>
          <reporter-output>
          </reporter-output>
        </test-method> <!-- test_LoginDDT -->
        <test-method signature="test_LoginDDT(java.lang.String, java.lang.String, java.lang.String)[pri:0, instance:testCases.TC_003_LoginDDT@3ee37e5a]" started-at="2021-06-04T00:09:12 CDT" name="test_LoginDDT" data-provider="LoginData" finished-at="2021-06-04T00:09:35 CDT" duration-ms="22844" status="PASS">
          <params>
            <param index="0">
              <value>
                <![CDATA[mikkil@gmail.com]]>
              </value>
            </param>
            <param index="1">
              <value>
                <![CDATA[test]]>
              </value>
            </param>
            <param index="2">
              <value>
                <![CDATA[Invalid]]>
              </value>
            </param>
          </params>
          <reporter-output>
          </reporter-output>
        </test-method> <!-- test_LoginDDT -->
      </class> <!-- testCases.TC_003_LoginDDT -->
    </test> <!-- Opencart tests -->
  </suite> <!-- Opencart Test Suite -->
</testng-results>
